<?xml version="1.0" encoding="UTF-8"?>
<testng-results ignored="0" total="2" passed="2" failed="0" skipped="0">
  <reporter-output>
  </reporter-output>
  <suite started-at="2026-03-02T00:19:35 IST" name="QA Automation Suite" finished-at="2026-03-02T00:19:45 IST" duration-ms="10254">
    <groups>
    </groups>
    <test started-at="2026-03-02T00:19:35 IST" name="Login Test Suite" finished-at="2026-03-02T00:19:45 IST" duration-ms="10254">
      <class name="tests.LoginTest">
        <test-method is-config="true" signature="setup()[pri:0, instance:tests.LoginTest@a1153bc]" started-at="2026-03-02T00:19:35 IST" name="setup" finished-at="2026-03-02T00:19:42 IST" duration-ms="7166" status="PASS">
          <reporter-output>
          </reporter-output>
        </test-method> <!-- setup -->
        <test-method signature="verifyLoginFailsWithWrongPassword()[pri:0, instance:tests.LoginTest@a1153bc]" started-at="2026-03-02T00:19:42 IST" name="verifyLoginFailsWithWrongPassword" finished-at="2026-03-02T00:19:43 IST" duration-ms="1151" status="PASS">
          <reporter-output>
          </reporter-output>
        </test-method> <!-- verifyLoginFailsWithWrongPassword -->
        <test-method is-config="true" signature="tearDown(org.testng.ITestResult)[pri:0, instance:tests.LoginTest@a1153bc]" started-at="2026-03-02T00:19:43 IST" name="tearDown" finished-at="2026-03-02T00:19:43 IST" duration-ms="102" status="PASS">
          <params>
            <param index="0">
              <value>
                <![CDATA[[TestResult name=verifyLoginFailsWithWrongPassword status=SUCCESS method=LoginTest.verifyLoginFailsWithWrongPassword()[pri:0, instance:tests.LoginTest@a1153bc] output={null}]]]>
              </value>
            </param>
          </params>
          <reporter-output>
          </reporter-output>
        </test-method> <!-- tearDown -->
        <test-method is-config="true" signature="setup()[pri:0, instance:tests.LoginTest@a1153bc]" started-at="2026-03-02T00:19:43 IST" name="setup" finished-at="2026-03-02T00:19:44 IST" duration-ms="986" status="PASS">
          <reporter-output>
          </reporter-output>
        </test-method> <!-- setup -->
        <test-method signature="verifySuccessfulLogin()[pri:0, instance:tests.LoginTest@a1153bc]" started-at="2026-03-02T00:19:44 IST" name="verifySuccessfulLogin" finished-at="2026-03-02T00:19:45 IST" duration-ms="747" status="PASS">
          <reporter-output>
          </reporter-output>
        </test-method> <!-- verifySuccessfulLogin -->
        <test-method is-config="true" signature="tearDown(org.testng.ITestResult)[pri:0, instance:tests.LoginTest@a1153bc]" started-at="2026-03-02T00:19:45 IST" name="tearDown" finished-at="2026-03-02T00:19:45 IST" duration-ms="84" status="PASS">
          <params>
            <param index="0">
              <value>
                <![CDATA[[TestResult name=verifySuccessfulLogin status=SUCCESS method=LoginTest.verifySuccessfulLogin()[pri:0, instance:tests.LoginTest@a1153bc] output={null}]]]>
              </value>
            </param>
          </params>
          <reporter-output>
          </reporter-output>
        </test-method> <!-- tearDown -->
      </class> <!-- tests.LoginTest -->
    </test> <!-- Login Test Suite -->
  </suite> <!-- QA Automation Suite -->
</testng-results>
